<?xml version="1.0" encoding="UTF-8"?>
<testsuite name="com.bridgelabz.MoodAnalyserTest" tests="1" skipped="0" failures="0" errors="0" timestamp="2019-11-25T21:20:20" hostname="admin141-desktop" time="175.574">
  <properties/>
  <testcase name="givenObject_WhenCorrect_ReturnsInfoUsingReflection" classname="com.bridgelabz.MoodAnalyserTest" time="175.574"/>
  <system-out><![CDATA[]]></system-out>
  <system-err><![CDATA[]]></system-err>
</testsuite>
